<?xml version="1.0" encoding="UTF-8"?>
<testsuite name="com.example.AddressValidatorTest" tests="1" skipped="0" failures="0" errors="0" timestamp="2016-09-11T01:42:52" hostname="Envy" time="2.053">
  <properties/>
  <testcase name="testValidator" classname="com.example.AddressValidatorTest" time="2.053"/>
  <system-out><![CDATA[]]></system-out>
  <system-err><![CDATA[]]></system-err>
</testsuite>
